2025-06-06 22:06:00 | INFO | Данные успешно загружены из CSV файлов
2025-06-06 22:06:02 | INFO | Найдено 34 файлов для обработки
2025-06-06 22:06:02 | INFO | Обработка файла: 182719047_205813839_0_ЗИНГЕРМАН.pdf
2025-06-06 22:06:04 | INFO | Файл успешно обработан: C:\Users\Администратор\Documents\0_PROJECTS\telepat-laboratory-of-telemedicine\output\182719047_205813839_0_ЗИНГЕРМАН_depersonalized.jpg
2025-06-06 22:06:04 | INFO | Обработка файла: 186584956_211289931_0_ЗИНГЕРМАН.pdf
2025-06-06 22:06:07 | INFO | Файл успешно обработан: C:\Users\Администратор\Documents\0_PROJECTS\telepat-laboratory-of-telemedicine\output\186584956_211289931_0_ЗИНГЕРМАН_depersonalized.jpg
2025-06-06 22:06:07 | INFO | Обработка файла: 186584956_211289931_1_ЗИНГЕРМАН.pdf
2025-06-06 22:06:09 | INFO | Файл успешно обработан: C:\Users\Администратор\Documents\0_PROJECTS\telepat-laboratory-of-telemedicine\output\186584956_211289931_1_ЗИНГЕРМАН_depersonalized.jpg
2025-06-06 22:06:09 | INFO | Обработка файла: 186584956_211289931_2_ЗИНГЕРМАН.pdf
2025-06-06 22:06:11 | INFO | Файл успешно обработан: C:\Users\Администратор\Documents\0_PROJECTS\telepat-laboratory-of-telemedicine\output\186584956_211289931_2_ЗИНГЕРМАН_depersonalized.jpg
2025-06-06 22:06:11 | INFO | Обработка файла: 186584978_211341730_0_ЗИНГЕРМАН.pdf
2025-06-06 22:06:13 | INFO | Файл успешно обработан: C:\Users\Администратор\Documents\0_PROJECTS\telepat-laboratory-of-telemedicine\output\186584978_211341730_0_ЗИНГЕРМАН_depersonalized.jpg
2025-06-06 22:06:13 | INFO | Обработка файла: 186584978_211341730_1_ЗИНГЕРМАН.pdf
2025-06-06 22:06:14 | INFO | Файл успешно обработан: C:\Users\Администратор\Documents\0_PROJECTS\telepat-laboratory-of-telemedicine\output\186584978_211341730_1_ЗИНГЕРМАН_depersonalized.jpg
2025-06-06 22:06:14 | INFO | Обработка файла: 186584978_211341730_2_ЗИНГЕРМАН.pdf
2025-06-06 22:06:16 | INFO | Файл успешно обработан: C:\Users\Администратор\Documents\0_PROJECTS\telepat-laboratory-of-telemedicine\output\186584978_211341730_2_ЗИНГЕРМАН_depersonalized.jpg
2025-06-06 22:06:16 | INFO | Обработка файла: 2021-07-26 Общий клинический анализ.pdf
2025-06-06 22:06:19 | INFO | Файл успешно обработан: C:\Users\Администратор\Documents\0_PROJECTS\telepat-laboratory-of-telemedicine\output\2021-07-26 Общий клинический анализ_depersonalized.jpg
2025-06-06 22:06:19 | INFO | Обработка файла: 2021-07-27 Глюкоза.pdf
2025-06-06 22:06:20 | INFO | Файл успешно обработан: C:\Users\Администратор\Documents\0_PROJECTS\telepat-laboratory-of-telemedicine\output\2021-07-27 Глюкоза_depersonalized.jpg
2025-06-06 22:06:20 | INFO | Обработка файла: 2021-07-27 Гормоны.pdf
2025-06-06 22:06:20 | INFO | Обработка завершена
