2025-06-06 22:26:24 | INFO | Данные успешно загружены из CSV файлов
2025-06-06 22:26:26 | INFO | Найдено 34 файлов для обработки
2025-06-06 22:26:26 | INFO | Обработка файла: 182719047_205813839_0_ЗИНГЕРМАН.pdf
2025-06-06 22:26:28 | INFO | Файл успешно обработан: C:\Users\Администратор\Documents\0_PROJECTS\telepat-laboratory-of-telemedicine\output\182719047_205813839_0_ЗИНГЕРМАН_depersonalized.jpg
2025-06-06 22:26:28 | INFO | Обработка файла: 186584956_211289931_0_ЗИНГЕРМАН.pdf
2025-06-06 22:26:31 | INFO | Файл успешно обработан: C:\Users\Администратор\Documents\0_PROJECTS\telepat-laboratory-of-telemedicine\output\186584956_211289931_0_ЗИНГЕРМАН_depersonalized.jpg
2025-06-06 22:26:31 | INFO | Обработка файла: 186584956_211289931_1_ЗИНГЕРМАН.pdf
2025-06-06 22:26:33 | INFO | Файл успешно обработан: C:\Users\Администратор\Documents\0_PROJECTS\telepat-laboratory-of-telemedicine\output\186584956_211289931_1_ЗИНГЕРМАН_depersonalized.jpg
2025-06-06 22:26:33 | INFO | Обработка файла: 186584956_211289931_2_ЗИНГЕРМАН.pdf
2025-06-06 22:26:35 | INFO | Файл успешно обработан: C:\Users\Администратор\Documents\0_PROJECTS\telepat-laboratory-of-telemedicine\output\186584956_211289931_2_ЗИНГЕРМАН_depersonalized.jpg
2025-06-06 22:26:35 | INFO | Обработка файла: 186584978_211341730_0_ЗИНГЕРМАН.pdf
2025-06-06 22:26:37 | INFO | Файл успешно обработан: C:\Users\Администратор\Documents\0_PROJECTS\telepat-laboratory-of-telemedicine\output\186584978_211341730_0_ЗИНГЕРМАН_depersonalized.jpg
2025-06-06 22:26:37 | INFO | Обработка файла: 186584978_211341730_1_ЗИНГЕРМАН.pdf
2025-06-06 22:26:38 | INFO | Файл успешно обработан: C:\Users\Администратор\Documents\0_PROJECTS\telepat-laboratory-of-telemedicine\output\186584978_211341730_1_ЗИНГЕРМАН_depersonalized.jpg
2025-06-06 22:26:38 | INFO | Обработка файла: 186584978_211341730_2_ЗИНГЕРМАН.pdf
2025-06-06 22:26:40 | INFO | Файл успешно обработан: C:\Users\Администратор\Documents\0_PROJECTS\telepat-laboratory-of-telemedicine\output\186584978_211341730_2_ЗИНГЕРМАН_depersonalized.jpg
2025-06-06 22:26:40 | INFO | Обработка файла: 2021-07-26 Общий клинический анализ.pdf
2025-06-06 22:26:43 | INFO | Файл успешно обработан: C:\Users\Администратор\Documents\0_PROJECTS\telepat-laboratory-of-telemedicine\output\2021-07-26 Общий клинический анализ_depersonalized.jpg
2025-06-06 22:26:43 | INFO | Обработка файла: 2021-07-27 Глюкоза.pdf
2025-06-06 22:26:44 | INFO | Файл успешно обработан: C:\Users\Администратор\Documents\0_PROJECTS\telepat-laboratory-of-telemedicine\output\2021-07-27 Глюкоза_depersonalized.jpg
2025-06-06 22:26:44 | INFO | Обработка файла: 2021-07-27 Гормоны.pdf
2025-06-06 22:26:45 | INFO | Файл успешно обработан: C:\Users\Администратор\Documents\0_PROJECTS\telepat-laboratory-of-telemedicine\output\2021-07-27 Гормоны_depersonalized.jpg
2025-06-06 22:26:45 | INFO | Обработка файла: INVITRO_156221690.pdf
2025-06-06 22:26:47 | INFO | Файл успешно обработан: C:\Users\Администратор\Documents\0_PROJECTS\telepat-laboratory-of-telemedicine\output\INVITRO_156221690_depersonalized.jpg
2025-06-06 22:26:47 | INFO | Обработка файла: INVITRO_157650699.pdf
2025-06-06 22:26:49 | INFO | Файл успешно обработан: C:\Users\Администратор\Documents\0_PROJECTS\telepat-laboratory-of-telemedicine\output\INVITRO_157650699_depersonalized.jpg
2025-06-06 22:26:49 | INFO | Обработка файла: INVITRO_159367037.pdf
2025-06-06 22:26:51 | INFO | Файл успешно обработан: C:\Users\Администратор\Documents\0_PROJECTS\telepat-laboratory-of-telemedicine\output\INVITRO_159367037_depersonalized.jpg
2025-06-06 22:26:51 | INFO | Обработка файла: INVITRO_159914634 (1).pdf
2025-06-06 22:26:54 | INFO | Файл успешно обработан: C:\Users\Администратор\Documents\0_PROJECTS\telepat-laboratory-of-telemedicine\output\INVITRO_159914634 (1)_depersonalized.jpg
2025-06-06 22:26:54 | INFO | Обработка файла: INVITRO_159914634.pdf
2025-06-06 22:26:56 | INFO | Файл успешно обработан: C:\Users\Администратор\Documents\0_PROJECTS\telepat-laboratory-of-telemedicine\output\INVITRO_159914634_depersonalized.jpg
2025-06-06 22:26:56 | INFO | Обработка файла: INVITRO_172321946.pdf
2025-06-06 22:26:59 | INFO | Файл успешно обработан: C:\Users\Администратор\Documents\0_PROJECTS\telepat-laboratory-of-telemedicine\output\INVITRO_172321946_depersonalized.jpg
2025-06-06 22:26:59 | INFO | Обработка файла: INVITRO_186584978.pdf
2025-06-06 22:27:01 | INFO | Файл успешно обработан: C:\Users\Администратор\Documents\0_PROJECTS\telepat-laboratory-of-telemedicine\output\INVITRO_186584978_depersonalized.jpg
2025-06-06 22:27:01 | INFO | Обработка файла: INVITRO_225411791 (1).pdf
2025-06-06 22:27:07 | INFO | Файл успешно обработан: C:\Users\Администратор\Documents\0_PROJECTS\telepat-laboratory-of-telemedicine\output\INVITRO_225411791 (1)_depersonalized.jpg
2025-06-06 22:27:07 | INFO | Обработка файла: INVITRO_225411791.pdf
2025-06-06 22:27:13 | INFO | Файл успешно обработан: C:\Users\Администратор\Documents\0_PROJECTS\telepat-laboratory-of-telemedicine\output\INVITRO_225411791_depersonalized.jpg
2025-06-06 22:27:13 | INFO | Обработка файла: INVITRO_247427636 (1).pdf
2025-06-06 22:27:15 | INFO | Файл успешно обработан: C:\Users\Администратор\Documents\0_PROJECTS\telepat-laboratory-of-telemedicine\output\INVITRO_247427636 (1)_depersonalized.jpg
2025-06-06 22:27:15 | INFO | Обработка файла: INVITRO_247427636 (2).pdf
2025-06-06 22:27:18 | INFO | Файл успешно обработан: C:\Users\Администратор\Documents\0_PROJECTS\telepat-laboratory-of-telemedicine\output\INVITRO_247427636 (2)_depersonalized.jpg
2025-06-06 22:27:18 | INFO | Обработка файла: INVITRO_247427636.pdf
2025-06-06 22:27:20 | INFO | Файл успешно обработан: C:\Users\Администратор\Documents\0_PROJECTS\telepat-laboratory-of-telemedicine\output\INVITRO_247427636_depersonalized.jpg
2025-06-06 22:27:20 | INFO | Обработка файла: INVITRO_247923726 (1).pdf
2025-06-06 22:27:23 | INFO | Файл успешно обработан: C:\Users\Администратор\Documents\0_PROJECTS\telepat-laboratory-of-telemedicine\output\INVITRO_247923726 (1)_depersonalized.jpg
2025-06-06 22:27:23 | INFO | Обработка файла: INVITRO_247923726.pdf
2025-06-06 22:27:25 | INFO | Файл успешно обработан: C:\Users\Администратор\Documents\0_PROJECTS\telepat-laboratory-of-telemedicine\output\INVITRO_247923726_depersonalized.jpg
2025-06-06 22:27:25 | INFO | Обработка файла: INVITRO_256147589.pdf
2025-06-06 22:27:28 | INFO | Файл успешно обработан: C:\Users\Администратор\Documents\0_PROJECTS\telepat-laboratory-of-telemedicine\output\INVITRO_256147589_depersonalized.jpg
2025-06-06 22:27:28 | INFO | Обработка файла: INVITRO_287742706.pdf
2025-06-06 22:27:31 | INFO | Файл успешно обработан: C:\Users\Администратор\Documents\0_PROJECTS\telepat-laboratory-of-telemedicine\output\INVITRO_287742706_depersonalized.jpg
2025-06-06 22:27:31 | INFO | Обработка файла: INVITRO_297851567.pdf
2025-06-06 22:27:33 | INFO | Файл успешно обработан: C:\Users\Администратор\Documents\0_PROJECTS\telepat-laboratory-of-telemedicine\output\INVITRO_297851567_depersonalized.jpg
2025-06-06 22:27:33 | INFO | Обработка файла: INVITRO_427544019.pdf
2025-06-06 22:27:35 | INFO | Файл успешно обработан: C:\Users\Администратор\Documents\0_PROJECTS\telepat-laboratory-of-telemedicine\output\INVITRO_427544019_depersonalized.jpg
2025-06-06 22:27:35 | INFO | Обработка файла: result_43865512.pdf
2025-06-06 22:27:38 | INFO | Файл успешно обработан: C:\Users\Администратор\Documents\0_PROJECTS\telepat-laboratory-of-telemedicine\output\result_43865512_depersonalized.jpg
2025-06-06 22:27:38 | INFO | Обработка файла: result_44177102.pdf
2025-06-06 22:27:40 | INFO | Файл успешно обработан: C:\Users\Администратор\Documents\0_PROJECTS\telepat-laboratory-of-telemedicine\output\result_44177102_depersonalized.jpg
2025-06-06 22:27:40 | INFO | Обработка файла: result_95833749.pdf
2025-06-06 22:27:43 | INFO | Файл успешно обработан: C:\Users\Администратор\Documents\0_PROJECTS\telepat-laboratory-of-telemedicine\output\result_95833749_depersonalized.jpg
2025-06-06 22:27:43 | INFO | Обработка файла: result_95861545.pdf
2025-06-06 22:27:46 | INFO | Файл успешно обработан: C:\Users\Администратор\Documents\0_PROJECTS\telepat-laboratory-of-telemedicine\output\result_95861545_depersonalized.jpg
2025-06-06 22:27:46 | INFO | Обработка файла: result_95918803.pdf
2025-06-06 22:27:47 | INFO | Файл успешно обработан: C:\Users\Администратор\Documents\0_PROJECTS\telepat-laboratory-of-telemedicine\output\result_95918803_depersonalized.jpg
2025-06-06 22:27:47 | INFO | Обработка файла: Отзы Надя Лабан.pdf
2025-06-06 22:27:50 | INFO | Файл успешно обработан: C:\Users\Администратор\Documents\0_PROJECTS\telepat-laboratory-of-telemedicine\output\Отзы Надя Лабан_depersonalized.jpg
2025-06-06 22:27:50 | INFO | Данные успешно сохранены в CSV файлы
2025-06-06 22:27:50 | INFO | Обработка завершена
