2025-06-06 21:58:05 | INFO | Данные успешно загружены из CSV файлов
2025-06-06 21:58:07 | INFO | Найдено 34 файлов для обработки
2025-06-06 21:58:07 | INFO | Обработка файла: 182719047_205813839_0_ЗИНГЕРМАН.pdf
2025-06-06 21:58:09 | INFO | Файл успешно обработан: C:\Users\Администратор\Documents\0_PROJECTS\telepat-laboratory-of-telemedicine\output\182719047_205813839_0_ЗИНГЕРМАН_depersonalized.jpg
2025-06-06 21:58:09 | INFO | Обработка файла: 186584956_211289931_0_ЗИНГЕРМАН.pdf
2025-06-06 21:58:12 | INFO | Файл успешно обработан: C:\Users\Администратор\Documents\0_PROJECTS\telepat-laboratory-of-telemedicine\output\186584956_211289931_0_ЗИНГЕРМАН_depersonalized.jpg
2025-06-06 21:58:12 | INFO | Обработка файла: 186584956_211289931_1_ЗИНГЕРМАН.pdf
2025-06-06 21:58:14 | INFO | Файл успешно обработан: C:\Users\Администратор\Documents\0_PROJECTS\telepat-laboratory-of-telemedicine\output\186584956_211289931_1_ЗИНГЕРМАН_depersonalized.jpg
2025-06-06 21:58:14 | INFO | Обработка файла: 186584956_211289931_2_ЗИНГЕРМАН.pdf
2025-06-06 21:58:16 | INFO | Файл успешно обработан: C:\Users\Администратор\Documents\0_PROJECTS\telepat-laboratory-of-telemedicine\output\186584956_211289931_2_ЗИНГЕРМАН_depersonalized.jpg
2025-06-06 21:58:16 | INFO | Обработка файла: 186584978_211341730_0_ЗИНГЕРМАН.pdf
2025-06-06 21:58:17 | INFO | Файл успешно обработан: C:\Users\Администратор\Documents\0_PROJECTS\telepat-laboratory-of-telemedicine\output\186584978_211341730_0_ЗИНГЕРМАН_depersonalized.jpg
2025-06-06 21:58:17 | INFO | Обработка файла: 186584978_211341730_1_ЗИНГЕРМАН.pdf
2025-06-06 21:58:19 | INFO | Файл успешно обработан: C:\Users\Администратор\Documents\0_PROJECTS\telepat-laboratory-of-telemedicine\output\186584978_211341730_1_ЗИНГЕРМАН_depersonalized.jpg
2025-06-06 21:58:19 | INFO | Обработка файла: 186584978_211341730_2_ЗИНГЕРМАН.pdf
2025-06-06 21:58:21 | INFO | Файл успешно обработан: C:\Users\Администратор\Documents\0_PROJECTS\telepat-laboratory-of-telemedicine\output\186584978_211341730_2_ЗИНГЕРМАН_depersonalized.jpg
2025-06-06 21:58:21 | INFO | Обработка файла: 2021-07-26 Общий клинический анализ.pdf
2025-06-06 21:58:24 | INFO | Файл успешно обработан: C:\Users\Администратор\Documents\0_PROJECTS\telepat-laboratory-of-telemedicine\output\2021-07-26 Общий клинический анализ_depersonalized.jpg
2025-06-06 21:58:24 | INFO | Обработка файла: 2021-07-27 Глюкоза.pdf
2025-06-06 21:58:25 | INFO | Файл успешно обработан: C:\Users\Администратор\Documents\0_PROJECTS\telepat-laboratory-of-telemedicine\output\2021-07-27 Глюкоза_depersonalized.jpg
2025-06-06 21:58:25 | INFO | Обработка файла: 2021-07-27 Гормоны.pdf
2025-06-06 21:58:26 | INFO | Файл успешно обработан: C:\Users\Администратор\Documents\0_PROJECTS\telepat-laboratory-of-telemedicine\output\2021-07-27 Гормоны_depersonalized.jpg
2025-06-06 21:58:26 | INFO | Обработка файла: INVITRO_156221690.pdf
2025-06-06 21:58:28 | INFO | Файл успешно обработан: C:\Users\Администратор\Documents\0_PROJECTS\telepat-laboratory-of-telemedicine\output\INVITRO_156221690_depersonalized.jpg
2025-06-06 21:58:28 | INFO | Обработка файла: INVITRO_157650699.pdf
2025-06-06 21:58:30 | INFO | Файл успешно обработан: C:\Users\Администратор\Documents\0_PROJECTS\telepat-laboratory-of-telemedicine\output\INVITRO_157650699_depersonalized.jpg
2025-06-06 21:58:30 | INFO | Обработка файла: INVITRO_159367037.pdf
2025-06-06 21:58:32 | INFO | Файл успешно обработан: C:\Users\Администратор\Documents\0_PROJECTS\telepat-laboratory-of-telemedicine\output\INVITRO_159367037_depersonalized.jpg
2025-06-06 21:58:32 | INFO | Обработка файла: INVITRO_159914634 (1).pdf
2025-06-06 21:58:35 | INFO | Файл успешно обработан: C:\Users\Администратор\Documents\0_PROJECTS\telepat-laboratory-of-telemedicine\output\INVITRO_159914634 (1)_depersonalized.jpg
2025-06-06 21:58:35 | INFO | Обработка файла: INVITRO_159914634.pdf
2025-06-06 21:58:37 | INFO | Файл успешно обработан: C:\Users\Администратор\Documents\0_PROJECTS\telepat-laboratory-of-telemedicine\output\INVITRO_159914634_depersonalized.jpg
2025-06-06 21:58:37 | INFO | Обработка файла: INVITRO_172321946.pdf
2025-06-06 21:58:40 | INFO | Файл успешно обработан: C:\Users\Администратор\Documents\0_PROJECTS\telepat-laboratory-of-telemedicine\output\INVITRO_172321946_depersonalized.jpg
2025-06-06 21:58:40 | INFO | Обработка файла: INVITRO_186584978.pdf
2025-06-06 21:58:42 | INFO | Файл успешно обработан: C:\Users\Администратор\Documents\0_PROJECTS\telepat-laboratory-of-telemedicine\output\INVITRO_186584978_depersonalized.jpg
2025-06-06 21:58:42 | INFO | Обработка файла: INVITRO_225411791 (1).pdf
2025-06-06 21:58:48 | INFO | Файл успешно обработан: C:\Users\Администратор\Documents\0_PROJECTS\telepat-laboratory-of-telemedicine\output\INVITRO_225411791 (1)_depersonalized.jpg
2025-06-06 21:58:48 | INFO | Обработка файла: INVITRO_225411791.pdf
2025-06-06 21:58:55 | INFO | Файл успешно обработан: C:\Users\Администратор\Documents\0_PROJECTS\telepat-laboratory-of-telemedicine\output\INVITRO_225411791_depersonalized.jpg
2025-06-06 21:58:55 | INFO | Обработка файла: INVITRO_247427636 (1).pdf
2025-06-06 21:58:57 | INFO | Файл успешно обработан: C:\Users\Администратор\Documents\0_PROJECTS\telepat-laboratory-of-telemedicine\output\INVITRO_247427636 (1)_depersonalized.jpg
2025-06-06 21:58:57 | INFO | Обработка файла: INVITRO_247427636 (2).pdf
2025-06-06 21:59:00 | INFO | Файл успешно обработан: C:\Users\Администратор\Documents\0_PROJECTS\telepat-laboratory-of-telemedicine\output\INVITRO_247427636 (2)_depersonalized.jpg
2025-06-06 21:59:00 | INFO | Обработка файла: INVITRO_247427636.pdf
2025-06-06 21:59:02 | INFO | Файл успешно обработан: C:\Users\Администратор\Documents\0_PROJECTS\telepat-laboratory-of-telemedicine\output\INVITRO_247427636_depersonalized.jpg
2025-06-06 21:59:02 | INFO | Обработка файла: INVITRO_247923726 (1).pdf
2025-06-06 21:59:05 | INFO | Файл успешно обработан: C:\Users\Администратор\Documents\0_PROJECTS\telepat-laboratory-of-telemedicine\output\INVITRO_247923726 (1)_depersonalized.jpg
2025-06-06 21:59:05 | INFO | Обработка файла: INVITRO_247923726.pdf
2025-06-06 21:59:06 | INFO | Обработка завершена
