2025-06-06 22:25:33 | INFO | Данные успешно загружены из CSV файлов
2025-06-06 22:25:35 | INFO | Найдено 34 файлов для обработки
2025-06-06 22:25:35 | INFO | Обработка файла: 182719047_205813839_0_ЗИНГЕРМАН.pdf
2025-06-06 22:25:37 | INFO | Файл успешно обработан: C:\Users\Администратор\Documents\0_PROJECTS\telepat-laboratory-of-telemedicine\output\182719047_205813839_0_ЗИНГЕРМАН_depersonalized.jpg
2025-06-06 22:25:37 | INFO | Обработка файла: 186584956_211289931_0_ЗИНГЕРМАН.pdf
2025-06-06 22:25:40 | INFO | Файл успешно обработан: C:\Users\Администратор\Documents\0_PROJECTS\telepat-laboratory-of-telemedicine\output\186584956_211289931_0_ЗИНГЕРМАН_depersonalized.jpg
2025-06-06 22:25:40 | INFO | Обработка файла: 186584956_211289931_1_ЗИНГЕРМАН.pdf
2025-06-06 22:25:42 | INFO | Файл успешно обработан: C:\Users\Администратор\Documents\0_PROJECTS\telepat-laboratory-of-telemedicine\output\186584956_211289931_1_ЗИНГЕРМАН_depersonalized.jpg
2025-06-06 22:25:42 | INFO | Обработка файла: 186584956_211289931_2_ЗИНГЕРМАН.pdf
2025-06-06 22:25:43 | INFO | Файл успешно обработан: C:\Users\Администратор\Documents\0_PROJECTS\telepat-laboratory-of-telemedicine\output\186584956_211289931_2_ЗИНГЕРМАН_depersonalized.jpg
2025-06-06 22:25:43 | INFO | Обработка файла: 186584978_211341730_0_ЗИНГЕРМАН.pdf
2025-06-06 22:25:45 | INFO | Файл успешно обработан: C:\Users\Администратор\Documents\0_PROJECTS\telepat-laboratory-of-telemedicine\output\186584978_211341730_0_ЗИНГЕРМАН_depersonalized.jpg
2025-06-06 22:25:45 | INFO | Обработка файла: 186584978_211341730_1_ЗИНГЕРМАН.pdf
2025-06-06 22:25:47 | INFO | Файл успешно обработан: C:\Users\Администратор\Documents\0_PROJECTS\telepat-laboratory-of-telemedicine\output\186584978_211341730_1_ЗИНГЕРМАН_depersonalized.jpg
2025-06-06 22:25:47 | INFO | Обработка файла: 186584978_211341730_2_ЗИНГЕРМАН.pdf
2025-06-06 22:25:49 | INFO | Файл успешно обработан: C:\Users\Администратор\Documents\0_PROJECTS\telepat-laboratory-of-telemedicine\output\186584978_211341730_2_ЗИНГЕРМАН_depersonalized.jpg
2025-06-06 22:25:49 | INFO | Обработка файла: 2021-07-26 Общий клинический анализ.pdf
2025-06-06 22:25:52 | INFO | Файл успешно обработан: C:\Users\Администратор\Documents\0_PROJECTS\telepat-laboratory-of-telemedicine\output\2021-07-26 Общий клинический анализ_depersonalized.jpg
2025-06-06 22:25:52 | INFO | Обработка файла: 2021-07-27 Глюкоза.pdf
2025-06-06 22:25:53 | INFO | Файл успешно обработан: C:\Users\Администратор\Documents\0_PROJECTS\telepat-laboratory-of-telemedicine\output\2021-07-27 Глюкоза_depersonalized.jpg
2025-06-06 22:25:53 | INFO | Обработка файла: 2021-07-27 Гормоны.pdf
2025-06-06 22:25:54 | INFO | Файл успешно обработан: C:\Users\Администратор\Documents\0_PROJECTS\telepat-laboratory-of-telemedicine\output\2021-07-27 Гормоны_depersonalized.jpg
2025-06-06 22:25:54 | INFO | Обработка файла: INVITRO_156221690.pdf
2025-06-06 22:25:57 | INFO | Файл успешно обработан: C:\Users\Администратор\Documents\0_PROJECTS\telepat-laboratory-of-telemedicine\output\INVITRO_156221690_depersonalized.jpg
2025-06-06 22:25:57 | INFO | Обработка файла: INVITRO_157650699.pdf
2025-06-06 22:25:57 | ERROR | Ошибка при обработке файла INVITRO_157650699.pdf: [WinError 32] Процесс не может получить доступ к файлу, так как этот файл занят другим процессом: 'C:\\Users\\836D~1\\AppData\\Local\\Temp\\tess_3fykfeuh_input.PNG'
2025-06-06 22:25:57 | INFO | Обработка файла: INVITRO_159367037.pdf
2025-06-06 22:25:59 | INFO | Файл успешно обработан: C:\Users\Администратор\Documents\0_PROJECTS\telepat-laboratory-of-telemedicine\output\INVITRO_159367037_depersonalized.jpg
2025-06-06 22:25:59 | INFO | Обработка файла: INVITRO_159914634 (1).pdf
2025-06-06 22:26:02 | INFO | Файл успешно обработан: C:\Users\Администратор\Documents\0_PROJECTS\telepat-laboratory-of-telemedicine\output\INVITRO_159914634 (1)_depersonalized.jpg
2025-06-06 22:26:02 | INFO | Обработка файла: INVITRO_159914634.pdf
2025-06-06 22:26:04 | INFO | Файл успешно обработан: C:\Users\Администратор\Documents\0_PROJECTS\telepat-laboratory-of-telemedicine\output\INVITRO_159914634_depersonalized.jpg
2025-06-06 22:26:04 | INFO | Обработка файла: INVITRO_172321946.pdf
2025-06-06 22:26:07 | INFO | Файл успешно обработан: C:\Users\Администратор\Documents\0_PROJECTS\telepat-laboratory-of-telemedicine\output\INVITRO_172321946_depersonalized.jpg
2025-06-06 22:26:07 | INFO | Обработка файла: INVITRO_186584978.pdf
2025-06-06 22:26:09 | INFO | Файл успешно обработан: C:\Users\Администратор\Documents\0_PROJECTS\telepat-laboratory-of-telemedicine\output\INVITRO_186584978_depersonalized.jpg
2025-06-06 22:26:09 | INFO | Обработка файла: INVITRO_225411791 (1).pdf
2025-06-06 22:26:14 | INFO | Обработка завершена
