2025-06-06 22:20:30 | INFO | Данные успешно загружены из CSV файлов
2025-06-06 22:20:31 | INFO | Найдено 34 файлов для обработки
2025-06-06 22:20:31 | INFO | Обработка файла: 182719047_205813839_0_ЗИНГЕРМАН.pdf
2025-06-06 22:20:33 | INFO | Файл успешно обработан: C:\Users\Администратор\Documents\0_PROJECTS\telepat-laboratory-of-telemedicine\output\182719047_205813839_0_ЗИНГЕРМАН_depersonalized.jpg
2025-06-06 22:20:33 | INFO | Обработка файла: 186584956_211289931_0_ЗИНГЕРМАН.pdf
2025-06-06 22:20:37 | INFO | Файл успешно обработан: C:\Users\Администратор\Documents\0_PROJECTS\telepat-laboratory-of-telemedicine\output\186584956_211289931_0_ЗИНГЕРМАН_depersonalized.jpg
2025-06-06 22:20:37 | INFO | Обработка файла: 186584956_211289931_1_ЗИНГЕРМАН.pdf
2025-06-06 22:20:38 | INFO | Файл успешно обработан: C:\Users\Администратор\Documents\0_PROJECTS\telepat-laboratory-of-telemedicine\output\186584956_211289931_1_ЗИНГЕРМАН_depersonalized.jpg
2025-06-06 22:20:38 | INFO | Обработка файла: 186584956_211289931_2_ЗИНГЕРМАН.pdf
2025-06-06 22:20:40 | INFO | Файл успешно обработан: C:\Users\Администратор\Documents\0_PROJECTS\telepat-laboratory-of-telemedicine\output\186584956_211289931_2_ЗИНГЕРМАН_depersonalized.jpg
2025-06-06 22:20:40 | INFO | Обработка файла: 186584978_211341730_0_ЗИНГЕРМАН.pdf
2025-06-06 22:20:42 | INFO | Файл успешно обработан: C:\Users\Администратор\Documents\0_PROJECTS\telepat-laboratory-of-telemedicine\output\186584978_211341730_0_ЗИНГЕРМАН_depersonalized.jpg
2025-06-06 22:20:42 | INFO | Обработка файла: 186584978_211341730_1_ЗИНГЕРМАН.pdf
2025-06-06 22:20:44 | INFO | Файл успешно обработан: C:\Users\Администратор\Documents\0_PROJECTS\telepat-laboratory-of-telemedicine\output\186584978_211341730_1_ЗИНГЕРМАН_depersonalized.jpg
2025-06-06 22:20:44 | INFO | Обработка файла: 186584978_211341730_2_ЗИНГЕРМАН.pdf
2025-06-06 22:20:45 | INFO | Файл успешно обработан: C:\Users\Администратор\Documents\0_PROJECTS\telepat-laboratory-of-telemedicine\output\186584978_211341730_2_ЗИНГЕРМАН_depersonalized.jpg
2025-06-06 22:20:45 | INFO | Обработка файла: 2021-07-26 Общий клинический анализ.pdf
2025-06-06 22:20:48 | INFO | Файл успешно обработан: C:\Users\Администратор\Documents\0_PROJECTS\telepat-laboratory-of-telemedicine\output\2021-07-26 Общий клинический анализ_depersonalized.jpg
2025-06-06 22:20:48 | INFO | Обработка файла: 2021-07-27 Глюкоза.pdf
2025-06-06 22:20:49 | INFO | Файл успешно обработан: C:\Users\Администратор\Documents\0_PROJECTS\telepat-laboratory-of-telemedicine\output\2021-07-27 Глюкоза_depersonalized.jpg
2025-06-06 22:20:49 | INFO | Обработка файла: 2021-07-27 Гормоны.pdf
2025-06-06 22:20:50 | INFO | Файл успешно обработан: C:\Users\Администратор\Documents\0_PROJECTS\telepat-laboratory-of-telemedicine\output\2021-07-27 Гормоны_depersonalized.jpg
2025-06-06 22:20:50 | INFO | Обработка файла: INVITRO_156221690.pdf
2025-06-06 22:20:53 | INFO | Файл успешно обработан: C:\Users\Администратор\Documents\0_PROJECTS\telepat-laboratory-of-telemedicine\output\INVITRO_156221690_depersonalized.jpg
2025-06-06 22:20:53 | INFO | Обработка файла: INVITRO_157650699.pdf
2025-06-06 22:20:55 | INFO | Файл успешно обработан: C:\Users\Администратор\Documents\0_PROJECTS\telepat-laboratory-of-telemedicine\output\INVITRO_157650699_depersonalized.jpg
2025-06-06 22:20:55 | INFO | Обработка файла: INVITRO_159367037.pdf
2025-06-06 22:20:56 | INFO | Файл успешно обработан: C:\Users\Администратор\Documents\0_PROJECTS\telepat-laboratory-of-telemedicine\output\INVITRO_159367037_depersonalized.jpg
2025-06-06 22:20:56 | INFO | Обработка файла: INVITRO_159914634 (1).pdf
2025-06-06 22:20:59 | INFO | Файл успешно обработан: C:\Users\Администратор\Documents\0_PROJECTS\telepat-laboratory-of-telemedicine\output\INVITRO_159914634 (1)_depersonalized.jpg
2025-06-06 22:20:59 | INFO | Обработка файла: INVITRO_159914634.pdf
2025-06-06 22:21:01 | INFO | Обработка завершена
