2025-06-06 22:14:18 | INFO | Данные успешно загружены из CSV файлов
2025-06-06 22:14:20 | INFO | Найдено 34 файлов для обработки
2025-06-06 22:14:20 | INFO | Обработка файла: 182719047_205813839_0_ЗИНГЕРМАН.pdf
2025-06-06 22:14:22 | INFO | Файл успешно обработан: C:\Users\Администратор\Documents\0_PROJECTS\telepat-laboratory-of-telemedicine\output\182719047_205813839_0_ЗИНГЕРМАН_depersonalized.jpg
2025-06-06 22:14:22 | INFO | Обработка файла: 186584956_211289931_0_ЗИНГЕРМАН.pdf
2025-06-06 22:14:25 | INFO | Файл успешно обработан: C:\Users\Администратор\Documents\0_PROJECTS\telepat-laboratory-of-telemedicine\output\186584956_211289931_0_ЗИНГЕРМАН_depersonalized.jpg
2025-06-06 22:14:25 | INFO | Обработка файла: 186584956_211289931_1_ЗИНГЕРМАН.pdf
2025-06-06 22:14:27 | INFO | Файл успешно обработан: C:\Users\Администратор\Documents\0_PROJECTS\telepat-laboratory-of-telemedicine\output\186584956_211289931_1_ЗИНГЕРМАН_depersonalized.jpg
2025-06-06 22:14:27 | INFO | Обработка файла: 186584956_211289931_2_ЗИНГЕРМАН.pdf
2025-06-06 22:14:29 | INFO | Файл успешно обработан: C:\Users\Администратор\Documents\0_PROJECTS\telepat-laboratory-of-telemedicine\output\186584956_211289931_2_ЗИНГЕРМАН_depersonalized.jpg
2025-06-06 22:14:29 | INFO | Обработка файла: 186584978_211341730_0_ЗИНГЕРМАН.pdf
2025-06-06 22:14:30 | INFO | Файл успешно обработан: C:\Users\Администратор\Documents\0_PROJECTS\telepat-laboratory-of-telemedicine\output\186584978_211341730_0_ЗИНГЕРМАН_depersonalized.jpg
2025-06-06 22:14:30 | INFO | Обработка файла: 186584978_211341730_1_ЗИНГЕРМАН.pdf
2025-06-06 22:14:32 | INFO | Файл успешно обработан: C:\Users\Администратор\Documents\0_PROJECTS\telepat-laboratory-of-telemedicine\output\186584978_211341730_1_ЗИНГЕРМАН_depersonalized.jpg
2025-06-06 22:14:32 | INFO | Обработка файла: 186584978_211341730_2_ЗИНГЕРМАН.pdf
2025-06-06 22:14:34 | INFO | Файл успешно обработан: C:\Users\Администратор\Documents\0_PROJECTS\telepat-laboratory-of-telemedicine\output\186584978_211341730_2_ЗИНГЕРМАН_depersonalized.jpg
2025-06-06 22:14:34 | INFO | Обработка файла: 2021-07-26 Общий клинический анализ.pdf
2025-06-06 22:14:37 | INFO | Файл успешно обработан: C:\Users\Администратор\Documents\0_PROJECTS\telepat-laboratory-of-telemedicine\output\2021-07-26 Общий клинический анализ_depersonalized.jpg
2025-06-06 22:14:37 | INFO | Обработка файла: 2021-07-27 Глюкоза.pdf
2025-06-06 22:14:38 | INFO | Файл успешно обработан: C:\Users\Администратор\Documents\0_PROJECTS\telepat-laboratory-of-telemedicine\output\2021-07-27 Глюкоза_depersonalized.jpg
2025-06-06 22:14:38 | INFO | Обработка файла: 2021-07-27 Гормоны.pdf
2025-06-06 22:14:39 | INFO | Файл успешно обработан: C:\Users\Администратор\Documents\0_PROJECTS\telepat-laboratory-of-telemedicine\output\2021-07-27 Гормоны_depersonalized.jpg
2025-06-06 22:14:39 | INFO | Обработка файла: INVITRO_156221690.pdf
2025-06-06 22:14:42 | INFO | Файл успешно обработан: C:\Users\Администратор\Documents\0_PROJECTS\telepat-laboratory-of-telemedicine\output\INVITRO_156221690_depersonalized.jpg
2025-06-06 22:14:42 | INFO | Обработка файла: INVITRO_157650699.pdf
2025-06-06 22:14:44 | INFO | Файл успешно обработан: C:\Users\Администратор\Documents\0_PROJECTS\telepat-laboratory-of-telemedicine\output\INVITRO_157650699_depersonalized.jpg
2025-06-06 22:14:44 | INFO | Обработка файла: INVITRO_159367037.pdf
2025-06-06 22:14:45 | INFO | Файл успешно обработан: C:\Users\Администратор\Documents\0_PROJECTS\telepat-laboratory-of-telemedicine\output\INVITRO_159367037_depersonalized.jpg
2025-06-06 22:14:45 | INFO | Обработка файла: INVITRO_159914634 (1).pdf
2025-06-06 22:14:48 | INFO | Файл успешно обработан: C:\Users\Администратор\Documents\0_PROJECTS\telepat-laboratory-of-telemedicine\output\INVITRO_159914634 (1)_depersonalized.jpg
2025-06-06 22:14:48 | INFO | Обработка файла: INVITRO_159914634.pdf
2025-06-06 22:14:51 | INFO | Файл успешно обработан: C:\Users\Администратор\Documents\0_PROJECTS\telepat-laboratory-of-telemedicine\output\INVITRO_159914634_depersonalized.jpg
2025-06-06 22:14:51 | INFO | Обработка файла: INVITRO_172321946.pdf
2025-06-06 22:14:54 | INFO | Файл успешно обработан: C:\Users\Администратор\Documents\0_PROJECTS\telepat-laboratory-of-telemedicine\output\INVITRO_172321946_depersonalized.jpg
2025-06-06 22:14:54 | INFO | Обработка файла: INVITRO_186584978.pdf
2025-06-06 22:14:55 | INFO | Файл успешно обработан: C:\Users\Администратор\Documents\0_PROJECTS\telepat-laboratory-of-telemedicine\output\INVITRO_186584978_depersonalized.jpg
2025-06-06 22:14:55 | INFO | Обработка файла: INVITRO_225411791 (1).pdf
2025-06-06 22:15:01 | INFO | Файл успешно обработан: C:\Users\Администратор\Documents\0_PROJECTS\telepat-laboratory-of-telemedicine\output\INVITRO_225411791 (1)_depersonalized.jpg
2025-06-06 22:15:01 | INFO | Обработка файла: INVITRO_225411791.pdf
2025-06-06 22:15:05 | INFO | Обработка завершена
