2025-06-06 21:53:37 | INFO | Данные успешно загружены из CSV файлов
2025-06-06 21:53:38 | INFO | Найдено 34 файлов для обработки
2025-06-06 21:53:38 | INFO | Обработка файла: 182719047_205813839_0_ЗИНГЕРМАН.pdf
2025-06-06 21:53:40 | INFO | Файл успешно обработан: C:\Users\Администратор\Documents\0_PROJECTS\telepat-laboratory-of-telemedicine\output\182719047_205813839_0_ЗИНГЕРМАН_depersonalized.jpg
2025-06-06 21:53:40 | INFO | Обработка файла: 186584956_211289931_0_ЗИНГЕРМАН.pdf
2025-06-06 21:53:43 | INFO | Файл успешно обработан: C:\Users\Администратор\Documents\0_PROJECTS\telepat-laboratory-of-telemedicine\output\186584956_211289931_0_ЗИНГЕРМАН_depersonalized.jpg
2025-06-06 21:53:43 | INFO | Обработка файла: 186584956_211289931_1_ЗИНГЕРМАН.pdf
2025-06-06 21:53:45 | INFO | Файл успешно обработан: C:\Users\Администратор\Documents\0_PROJECTS\telepat-laboratory-of-telemedicine\output\186584956_211289931_1_ЗИНГЕРМАН_depersonalized.jpg
2025-06-06 21:53:45 | INFO | Обработка файла: 186584956_211289931_2_ЗИНГЕРМАН.pdf
2025-06-06 21:53:47 | INFO | Файл успешно обработан: C:\Users\Администратор\Documents\0_PROJECTS\telepat-laboratory-of-telemedicine\output\186584956_211289931_2_ЗИНГЕРМАН_depersonalized.jpg
2025-06-06 21:53:47 | INFO | Обработка файла: 186584978_211341730_0_ЗИНГЕРМАН.pdf
2025-06-06 21:53:49 | INFO | Файл успешно обработан: C:\Users\Администратор\Documents\0_PROJECTS\telepat-laboratory-of-telemedicine\output\186584978_211341730_0_ЗИНГЕРМАН_depersonalized.jpg
2025-06-06 21:53:49 | INFO | Обработка файла: 186584978_211341730_1_ЗИНГЕРМАН.pdf
2025-06-06 21:53:51 | INFO | Файл успешно обработан: C:\Users\Администратор\Documents\0_PROJECTS\telepat-laboratory-of-telemedicine\output\186584978_211341730_1_ЗИНГЕРМАН_depersonalized.jpg
2025-06-06 21:53:51 | INFO | Обработка файла: 186584978_211341730_2_ЗИНГЕРМАН.pdf
2025-06-06 21:53:52 | INFO | Файл успешно обработан: C:\Users\Администратор\Documents\0_PROJECTS\telepat-laboratory-of-telemedicine\output\186584978_211341730_2_ЗИНГЕРМАН_depersonalized.jpg
2025-06-06 21:53:52 | INFO | Обработка файла: 2021-07-26 Общий клинический анализ.pdf
2025-06-06 21:53:55 | INFO | Файл успешно обработан: C:\Users\Администратор\Documents\0_PROJECTS\telepat-laboratory-of-telemedicine\output\2021-07-26 Общий клинический анализ_depersonalized.jpg
2025-06-06 21:53:55 | INFO | Обработка файла: 2021-07-27 Глюкоза.pdf
2025-06-06 21:53:56 | INFO | Файл успешно обработан: C:\Users\Администратор\Documents\0_PROJECTS\telepat-laboratory-of-telemedicine\output\2021-07-27 Глюкоза_depersonalized.jpg
2025-06-06 21:53:56 | INFO | Обработка файла: 2021-07-27 Гормоны.pdf
2025-06-06 21:53:57 | INFO | Файл успешно обработан: C:\Users\Администратор\Documents\0_PROJECTS\telepat-laboratory-of-telemedicine\output\2021-07-27 Гормоны_depersonalized.jpg
2025-06-06 21:53:57 | INFO | Обработка файла: INVITRO_156221690.pdf
2025-06-06 21:54:00 | INFO | Файл успешно обработан: C:\Users\Администратор\Documents\0_PROJECTS\telepat-laboratory-of-telemedicine\output\INVITRO_156221690_depersonalized.jpg
2025-06-06 21:54:00 | INFO | Обработка файла: INVITRO_157650699.pdf
2025-06-06 21:54:02 | INFO | Файл успешно обработан: C:\Users\Администратор\Documents\0_PROJECTS\telepat-laboratory-of-telemedicine\output\INVITRO_157650699_depersonalized.jpg
2025-06-06 21:54:02 | INFO | Обработка файла: INVITRO_159367037.pdf
2025-06-06 21:54:04 | INFO | Файл успешно обработан: C:\Users\Администратор\Documents\0_PROJECTS\telepat-laboratory-of-telemedicine\output\INVITRO_159367037_depersonalized.jpg
2025-06-06 21:54:04 | INFO | Обработка файла: INVITRO_159914634 (1).pdf
2025-06-06 21:54:06 | INFO | Файл успешно обработан: C:\Users\Администратор\Documents\0_PROJECTS\telepat-laboratory-of-telemedicine\output\INVITRO_159914634 (1)_depersonalized.jpg
2025-06-06 21:54:06 | INFO | Обработка файла: INVITRO_159914634.pdf
2025-06-06 21:54:09 | INFO | Файл успешно обработан: C:\Users\Администратор\Documents\0_PROJECTS\telepat-laboratory-of-telemedicine\output\INVITRO_159914634_depersonalized.jpg
2025-06-06 21:54:09 | INFO | Обработка файла: INVITRO_172321946.pdf
2025-06-06 21:54:12 | INFO | Файл успешно обработан: C:\Users\Администратор\Documents\0_PROJECTS\telepat-laboratory-of-telemedicine\output\INVITRO_172321946_depersonalized.jpg
2025-06-06 21:54:12 | INFO | Обработка файла: INVITRO_186584978.pdf
2025-06-06 21:54:14 | INFO | Файл успешно обработан: C:\Users\Администратор\Documents\0_PROJECTS\telepat-laboratory-of-telemedicine\output\INVITRO_186584978_depersonalized.jpg
2025-06-06 21:54:14 | INFO | Обработка файла: INVITRO_225411791 (1).pdf
2025-06-06 21:54:20 | INFO | Файл успешно обработан: C:\Users\Администратор\Documents\0_PROJECTS\telepat-laboratory-of-telemedicine\output\INVITRO_225411791 (1)_depersonalized.jpg
2025-06-06 21:54:20 | INFO | Обработка файла: INVITRO_225411791.pdf
2025-06-06 21:54:26 | INFO | Файл успешно обработан: C:\Users\Администратор\Documents\0_PROJECTS\telepat-laboratory-of-telemedicine\output\INVITRO_225411791_depersonalized.jpg
2025-06-06 21:54:26 | INFO | Обработка файла: INVITRO_247427636 (1).pdf
2025-06-06 21:54:28 | INFO | Файл успешно обработан: C:\Users\Администратор\Documents\0_PROJECTS\telepat-laboratory-of-telemedicine\output\INVITRO_247427636 (1)_depersonalized.jpg
2025-06-06 21:54:28 | INFO | Обработка файла: INVITRO_247427636 (2).pdf
2025-06-06 21:54:31 | INFO | Файл успешно обработан: C:\Users\Администратор\Documents\0_PROJECTS\telepat-laboratory-of-telemedicine\output\INVITRO_247427636 (2)_depersonalized.jpg
2025-06-06 21:54:31 | INFO | Обработка файла: INVITRO_247427636.pdf
2025-06-06 21:54:34 | INFO | Файл успешно обработан: C:\Users\Администратор\Documents\0_PROJECTS\telepat-laboratory-of-telemedicine\output\INVITRO_247427636_depersonalized.jpg
2025-06-06 21:54:34 | INFO | Обработка файла: INVITRO_247923726 (1).pdf
2025-06-06 21:54:36 | INFO | Обработка завершена
