2025-06-06 22:31:11 | INFO | Данные успешно загружены из CSV файлов
2025-06-06 22:31:12 | INFO | Найдено 34 файлов для обработки
2025-06-06 22:31:12 | INFO | Обработка файла: 182719047_205813839_0_ЗИНГЕРМАН.pdf
2025-06-06 22:31:14 | INFO | Файл успешно обработан: C:\Users\Администратор\Documents\0_PROJECTS\telepat-laboratory-of-telemedicine\output\a0f30c30b9964bc28a00d2f755ddd686_depersonalized.jpg
2025-06-06 22:31:14 | INFO | Обработка файла: 186584956_211289931_0_ЗИНГЕРМАН.pdf
2025-06-06 22:31:18 | INFO | Файл успешно обработан: C:\Users\Администратор\Documents\0_PROJECTS\telepat-laboratory-of-telemedicine\output\957c5a70c2dd4e118a193df036b2fa07_depersonalized.jpg
2025-06-06 22:31:18 | INFO | Обработка файла: 186584956_211289931_1_ЗИНГЕРМАН.pdf
2025-06-06 22:31:19 | INFO | Файл успешно обработан: C:\Users\Администратор\Documents\0_PROJECTS\telepat-laboratory-of-telemedicine\output\1be19e73dc3b4dab862a395870d60390_depersonalized.jpg
2025-06-06 22:31:19 | INFO | Обработка файла: 186584956_211289931_2_ЗИНГЕРМАН.pdf
2025-06-06 22:31:21 | INFO | Файл успешно обработан: C:\Users\Администратор\Documents\0_PROJECTS\telepat-laboratory-of-telemedicine\output\eccc26ee1f244bb98567bc8c0601bd62_depersonalized.jpg
2025-06-06 22:31:21 | INFO | Обработка файла: 186584978_211341730_0_ЗИНГЕРМАН.pdf
2025-06-06 22:31:23 | INFO | Файл успешно обработан: C:\Users\Администратор\Documents\0_PROJECTS\telepat-laboratory-of-telemedicine\output\34f3257d0d7647c8aa4be224abaadf38_depersonalized.jpg
2025-06-06 22:31:23 | INFO | Обработка файла: 186584978_211341730_1_ЗИНГЕРМАН.pdf
2025-06-06 22:31:25 | INFO | Файл успешно обработан: C:\Users\Администратор\Documents\0_PROJECTS\telepat-laboratory-of-telemedicine\output\9e63ea998f3647e19b136b5cb04a2f7f_depersonalized.jpg
2025-06-06 22:31:25 | INFO | Обработка файла: 186584978_211341730_2_ЗИНГЕРМАН.pdf
2025-06-06 22:31:26 | INFO | Файл успешно обработан: C:\Users\Администратор\Documents\0_PROJECTS\telepat-laboratory-of-telemedicine\output\d38e2c67fe2d4de48ae060c11063b91c_depersonalized.jpg
2025-06-06 22:31:26 | INFO | Обработка файла: 2021-07-26 Общий клинический анализ.pdf
2025-06-06 22:31:30 | INFO | Файл успешно обработан: C:\Users\Администратор\Documents\0_PROJECTS\telepat-laboratory-of-telemedicine\output\00930e530df94c189c66c3fc7f14a0a5_depersonalized.jpg
2025-06-06 22:31:30 | INFO | Обработка файла: 2021-07-27 Глюкоза.pdf
2025-06-06 22:31:30 | INFO | Файл успешно обработан: C:\Users\Администратор\Documents\0_PROJECTS\telepat-laboratory-of-telemedicine\output\63ad4d240e0d489e8525f4509834142d_depersonalized.jpg
2025-06-06 22:31:30 | INFO | Обработка файла: 2021-07-27 Гормоны.pdf
2025-06-06 22:31:32 | INFO | Файл успешно обработан: C:\Users\Администратор\Documents\0_PROJECTS\telepat-laboratory-of-telemedicine\output\3bc38d440cfb45f498992f5d8d072af6_depersonalized.jpg
2025-06-06 22:31:32 | INFO | Обработка файла: INVITRO_156221690.pdf
