2025-06-07 02:04:14 | INFO | Данные успешно загружены из CSV файлов
2025-06-07 02:04:15 | INFO | Найдено 34 файлов для обработки
2025-06-07 02:04:15 | INFO | Обработка файла: 182719047_205813839_0_ЗИНГЕРМАН.pdf
2025-06-07 02:04:17 | INFO | Файл успешно обработан: C:\Users\Администратор\Documents\0_PROJECTS\telepat-laboratory-of-telemedicine\output\1b4cff1e8bb649b6a6358d16ee40d6db_depersonalized.jpg
2025-06-07 02:04:17 | INFO | Обработка файла: 186584956_211289931_0_ЗИНГЕРМАН.pdf
2025-06-07 02:04:21 | INFO | Файл успешно обработан: C:\Users\Администратор\Documents\0_PROJECTS\telepat-laboratory-of-telemedicine\output\0cfdb713065a41d28146779e215928b7_depersonalized.jpg
2025-06-07 02:04:21 | INFO | Обработка файла: 186584956_211289931_1_ЗИНГЕРМАН.pdf
2025-06-07 02:04:23 | INFO | Файл успешно обработан: C:\Users\Администратор\Documents\0_PROJECTS\telepat-laboratory-of-telemedicine\output\dfa0108cb9974d1ea111047a93c396fd_depersonalized.jpg
2025-06-07 02:04:23 | INFO | Обработка файла: 186584956_211289931_2_ЗИНГЕРМАН.pdf
2025-06-07 02:04:24 | INFO | Файл успешно обработан: C:\Users\Администратор\Documents\0_PROJECTS\telepat-laboratory-of-telemedicine\output\4fceff0d1797409fafbabcc8b362629d_depersonalized.jpg
2025-06-07 02:04:24 | INFO | Обработка файла: 186584978_211341730_0_ЗИНГЕРМАН.pdf
2025-06-07 02:04:26 | INFO | Файл успешно обработан: C:\Users\Администратор\Documents\0_PROJECTS\telepat-laboratory-of-telemedicine\output\9817617347ab4edb98586dbc6ad73d07_depersonalized.jpg
2025-06-07 02:04:26 | INFO | Обработка файла: 186584978_211341730_1_ЗИНГЕРМАН.pdf
2025-06-07 02:04:28 | INFO | Файл успешно обработан: C:\Users\Администратор\Documents\0_PROJECTS\telepat-laboratory-of-telemedicine\output\1fb15f4d35b14cf6937ba5391c703c64_depersonalized.jpg
2025-06-07 02:04:28 | INFO | Обработка файла: 186584978_211341730_2_ЗИНГЕРМАН.pdf
2025-06-07 02:04:29 | INFO | Файл успешно обработан: C:\Users\Администратор\Documents\0_PROJECTS\telepat-laboratory-of-telemedicine\output\f153ed0b6cf94b2ab903c1976395b6c3_depersonalized.jpg
2025-06-07 02:04:29 | INFO | Обработка файла: 2021-07-26 Общий клинический анализ.pdf
2025-06-07 02:04:32 | INFO | Файл успешно обработан: C:\Users\Администратор\Documents\0_PROJECTS\telepat-laboratory-of-telemedicine\output\8c12205065204225a98ce9a8aabb3b4e_depersonalized.jpg
2025-06-07 02:04:32 | INFO | Обработка файла: 2021-07-27 Глюкоза.pdf
2025-06-07 02:04:33 | INFO | Файл успешно обработан: C:\Users\Администратор\Documents\0_PROJECTS\telepat-laboratory-of-telemedicine\output\5bad7841a88e4cc1844408637a67b795_depersonalized.jpg
2025-06-07 02:04:33 | INFO | Обработка файла: 2021-07-27 Гормоны.pdf
2025-06-07 02:04:34 | INFO | Файл успешно обработан: C:\Users\Администратор\Documents\0_PROJECTS\telepat-laboratory-of-telemedicine\output\9433b3bbce3e407e9d922438d1c8b536_depersonalized.jpg
2025-06-07 02:04:34 | INFO | Обработка файла: INVITRO_156221690.pdf
2025-06-07 02:04:36 | INFO | Файл успешно обработан: C:\Users\Администратор\Documents\0_PROJECTS\telepat-laboratory-of-telemedicine\output\f59bb36feca74d4e8fb4486ffc08ddd5_depersonalized.jpg
2025-06-07 02:04:36 | INFO | Обработка файла: INVITRO_157650699.pdf
2025-06-07 02:04:38 | INFO | Обработка завершена
