2025-06-07 02:06:17 | INFO | Данные успешно загружены из CSV файлов
2025-06-07 02:06:18 | INFO | Найдено 34 файлов для обработки
2025-06-07 02:06:18 | INFO | Обработка файла: 182719047_205813839_0_ЗИНГЕРМАН.pdf
2025-06-07 02:06:20 | INFO | Файл успешно обработан: C:\Users\Администратор\Documents\0_PROJECTS\telepat-laboratory-of-telemedicine\output\d8ca955bcba14b50b61ccbb7d78c3fc7_depersonalized.jpg
2025-06-07 02:06:20 | INFO | Обработка файла: 186584956_211289931_0_ЗИНГЕРМАН.pdf
2025-06-07 02:06:24 | INFO | Файл успешно обработан: C:\Users\Администратор\Documents\0_PROJECTS\telepat-laboratory-of-telemedicine\output\ac178607fe4e4b2fb12760bd27fc4807_depersonalized.jpg
2025-06-07 02:06:24 | INFO | Обработка файла: 186584956_211289931_1_ЗИНГЕРМАН.pdf
2025-06-07 02:06:25 | INFO | Файл успешно обработан: C:\Users\Администратор\Documents\0_PROJECTS\telepat-laboratory-of-telemedicine\output\771152d417ab4ee0a03903cf3da67054_depersonalized.jpg
2025-06-07 02:06:25 | INFO | Обработка файла: 186584956_211289931_2_ЗИНГЕРМАН.pdf
2025-06-07 02:06:27 | INFO | Файл успешно обработан: C:\Users\Администратор\Documents\0_PROJECTS\telepat-laboratory-of-telemedicine\output\1f266fbf17cc42a6821e381cdf44fed7_depersonalized.jpg
2025-06-07 02:06:27 | INFO | Обработка файла: 186584978_211341730_0_ЗИНГЕРМАН.pdf
2025-06-07 02:06:29 | INFO | Файл успешно обработан: C:\Users\Администратор\Documents\0_PROJECTS\telepat-laboratory-of-telemedicine\output\81ba4777d0c64b60b844cbc283b22396_depersonalized.jpg
2025-06-07 02:06:29 | INFO | Обработка файла: 186584978_211341730_1_ЗИНГЕРМАН.pdf
2025-06-07 02:06:31 | INFO | Файл успешно обработан: C:\Users\Администратор\Documents\0_PROJECTS\telepat-laboratory-of-telemedicine\output\e0342787b7a44acca7a277575713cab7_depersonalized.jpg
2025-06-07 02:06:31 | INFO | Обработка файла: 186584978_211341730_2_ЗИНГЕРМАН.pdf
2025-06-07 02:06:32 | INFO | Файл успешно обработан: C:\Users\Администратор\Documents\0_PROJECTS\telepat-laboratory-of-telemedicine\output\f110a239581a4a51aa68d2ba751d0513_depersonalized.jpg
2025-06-07 02:06:32 | INFO | Обработка файла: 2021-07-26 Общий клинический анализ.pdf
2025-06-07 02:06:35 | INFO | Файл успешно обработан: C:\Users\Администратор\Documents\0_PROJECTS\telepat-laboratory-of-telemedicine\output\0ed7e0cc7e5644d597ffd8fc8561ce6e_depersonalized.jpg
2025-06-07 02:06:35 | INFO | Обработка файла: 2021-07-27 Глюкоза.pdf
2025-06-07 02:06:36 | INFO | Файл успешно обработан: C:\Users\Администратор\Documents\0_PROJECTS\telepat-laboratory-of-telemedicine\output\26034f35e9d04a4b98cc1eef355bf9f2_depersonalized.jpg
2025-06-07 02:06:36 | INFO | Обработка файла: 2021-07-27 Гормоны.pdf
2025-06-07 02:06:37 | INFO | Файл успешно обработан: C:\Users\Администратор\Documents\0_PROJECTS\telepat-laboratory-of-telemedicine\output\480fcfbac81c4570bf34fd4e5c764ef3_depersonalized.jpg
2025-06-07 02:06:37 | INFO | Обработка файла: INVITRO_156221690.pdf
2025-06-07 02:06:39 | INFO | Файл успешно обработан: C:\Users\Администратор\Documents\0_PROJECTS\telepat-laboratory-of-telemedicine\output\45835042780c4982b198470d23486cb5_depersonalized.jpg
2025-06-07 02:06:39 | INFO | Обработка файла: INVITRO_157650699.pdf
2025-06-07 02:06:42 | INFO | Файл успешно обработан: C:\Users\Администратор\Documents\0_PROJECTS\telepat-laboratory-of-telemedicine\output\2982abafd2984bc0b9e6e8d70d732012_depersonalized.jpg
2025-06-07 02:06:42 | INFO | Обработка файла: INVITRO_159367037.pdf
2025-06-07 02:06:44 | INFO | Файл успешно обработан: C:\Users\Администратор\Documents\0_PROJECTS\telepat-laboratory-of-telemedicine\output\6c01475c240e43229ea89d9e5f56c268_depersonalized.jpg
2025-06-07 02:06:44 | INFO | Обработка файла: INVITRO_159914634 (1).pdf
2025-06-07 02:06:46 | INFO | Файл успешно обработан: C:\Users\Администратор\Documents\0_PROJECTS\telepat-laboratory-of-telemedicine\output\f3448534c0d043628678f1caf425b931_depersonalized.jpg
2025-06-07 02:06:46 | INFO | Обработка файла: INVITRO_159914634.pdf
2025-06-07 02:06:49 | INFO | Файл успешно обработан: C:\Users\Администратор\Documents\0_PROJECTS\telepat-laboratory-of-telemedicine\output\d851a05484be4399a8677871cd8d1ad7_depersonalized.jpg
2025-06-07 02:06:49 | INFO | Обработка файла: INVITRO_172321946.pdf
2025-06-07 02:06:52 | INFO | Файл успешно обработан: C:\Users\Администратор\Documents\0_PROJECTS\telepat-laboratory-of-telemedicine\output\b0de7453c8614c7da10a8af508e4c635_depersonalized.jpg
2025-06-07 02:06:52 | INFO | Обработка файла: INVITRO_186584978.pdf
2025-06-07 02:06:54 | INFO | Файл успешно обработан: C:\Users\Администратор\Documents\0_PROJECTS\telepat-laboratory-of-telemedicine\output\3b35207a7cbe46999843ef9fdda8a73e_depersonalized.jpg
2025-06-07 02:06:54 | INFO | Обработка файла: INVITRO_225411791 (1).pdf
2025-06-07 02:06:57 | INFO | Файл успешно обработан: C:\Users\Администратор\Documents\0_PROJECTS\telepat-laboratory-of-telemedicine\output\237a8c4249294d578a70c2e87fc8075a_depersonalized.jpg
2025-06-07 02:06:57 | INFO | Обработка файла: INVITRO_225411791.pdf
2025-06-07 02:06:57 | INFO | Обработка завершена
